<?xml version="1.0" encoding="UTF-8"?>
<testng-results ignored="0" total="2" passed="1" failed="1" skipped="0">
  <reporter-output>
  </reporter-output>
  <suite started-at="2021-09-19T22:51:27 EDT" name="OrangeTest" finished-at="2021-09-19T22:52:26 EDT" duration-ms="58735">
    <groups>
    </groups>
    <test started-at="2021-09-19T22:51:27 EDT" name="LoginTest" finished-at="2021-09-19T22:52:26 EDT" duration-ms="58735">
      <class name="com.tests.LoginTest">
        <test-method is-config="true" signature="getTestData()[pri:0, instance:com.tests.LoginTest@7f1302d6]" started-at="2021-09-19T22:51:27 EDT" name="getTestData" finished-at="2021-09-19T22:51:28 EDT" duration-ms="646" status="PASS">
          <reporter-output>
          </reporter-output>
        </test-method> <!-- getTestData -->
        <test-method is-config="true" signature="browserSetUp(java.lang.String,java.lang.String)[pri:0, instance:com.tests.LoginTest@7f1302d6]" started-at="2021-09-19T22:51:29 EDT" name="browserSetUp" finished-at="2021-09-19T22:52:12 EDT" duration-ms="43502" status="PASS">
          <params>
            <param index="0">
              <value>
                <![CDATA[chrome]]>
              </value>
            </param>
            <param index="1">
              <value>
                <![CDATA[https://opensource-demo.orangehrmlive.com/]]>
              </value>
            </param>
          </params>
          <reporter-output>
          </reporter-output>
        </test-method> <!-- browserSetUp -->
        <test-method signature="loginTest(java.lang.String,java.lang.String)[pri:0, instance:com.tests.LoginTest@7f1302d6]" started-at="2021-09-19T22:52:12 EDT" name="loginTest" data-provider="loginData" finished-at="2021-09-19T22:52:16 EDT" duration-ms="4209" status="PASS">
          <params>
            <param index="0">
              <value>
                <![CDATA[Admin]]>
              </value>
            </param>
            <param index="1">
              <value>
                <![CDATA[admin123]]>
              </value>
            </param>
          </params>
          <reporter-output>
          </reporter-output>
        </test-method> <!-- loginTest -->
        <test-method is-config="true" signature="testResult(org.testng.ITestResult)[pri:0, instance:com.tests.LoginTest@7f1302d6]" started-at="2021-09-19T22:52:16 EDT" name="testResult" finished-at="2021-09-19T22:52:18 EDT" duration-ms="1303" status="PASS">
          <params>
            <param index="0">
              <value>
                <![CDATA[[TestResult name=loginTest status=SUCCESS method=LoginTest.loginTest(java.lang.String,java.lang.String)[pri:0, instance:com.tests.LoginTest@7f1302d6] output={null}]]]>
              </value>
            </param>
          </params>
          <reporter-output>
          </reporter-output>
        </test-method> <!-- testResult -->
        <test-method is-config="true" signature="browserSetUp(java.lang.String,java.lang.String)[pri:0, instance:com.tests.LoginTest@7f1302d6]" started-at="2021-09-19T22:52:18 EDT" name="browserSetUp" finished-at="2021-09-19T22:52:25 EDT" duration-ms="7041" status="PASS">
          <params>
            <param index="0">
              <value>
                <![CDATA[chrome]]>
              </value>
            </param>
            <param index="1">
              <value>
                <![CDATA[https://opensource-demo.orangehrmlive.com/]]>
              </value>
            </param>
          </params>
          <reporter-output>
          </reporter-output>
        </test-method> <!-- browserSetUp -->
        <test-method signature="loginTest(java.lang.String,java.lang.String)[pri:0, instance:com.tests.LoginTest@7f1302d6]" started-at="2021-09-19T22:52:25 EDT" name="loginTest" data-provider="loginData" finished-at="2021-09-19T22:52:25 EDT" duration-ms="174" status="FAIL">
          <params>
            <param index="0">
              <value is-null="true"/>
            </param>
            <param index="1">
              <value is-null="true"/>
            </param>
          </params>
          <exception class="java.lang.IllegalArgumentException">
            <message>
              <![CDATA[Keys to send should be a not null CharSequence]]>
            </message>
            <full-stacktrace>
              <![CDATA[java.lang.IllegalArgumentException: Keys to send should be a not null CharSequence
at org.openqa.selenium.remote.RemoteWebElement.sendKeys(RemoteWebElement.java:97)
at java.base/jdk.internal.reflect.NativeMethodAccessorImpl.invoke0(Native Method)
at java.base/jdk.internal.reflect.NativeMethodAccessorImpl.invoke(NativeMethodAccessorImpl.java:78)
at java.base/jdk.internal.reflect.DelegatingMethodAccessorImpl.invoke(DelegatingMethodAccessorImpl.java:43)
at java.base/java.lang.reflect.Method.invoke(Method.java:567)
at org.openqa.selenium.support.pagefactory.internal.LocatingElementHandler.invoke(LocatingElementHandler.java:51)
at jdk.proxy2/jdk.proxy2.$Proxy16.sendKeys(Unknown Source)
at com.util.Helper.type(Helper.java:28)
at com.pages.LoginPage.loginToAPP(LoginPage.java:32)
at com.tests.LoginTest.loginTest(LoginTest.java:12)
at java.base/jdk.internal.reflect.NativeMethodAccessorImpl.invoke0(Native Method)
at java.base/jdk.internal.reflect.NativeMethodAccessorImpl.invoke(NativeMethodAccessorImpl.java:78)
at java.base/jdk.internal.reflect.DelegatingMethodAccessorImpl.invoke(DelegatingMethodAccessorImpl.java:43)
at java.base/java.lang.reflect.Method.invoke(Method.java:567)
at org.testng.internal.MethodInvocationHelper.invokeMethod(MethodInvocationHelper.java:133)
at org.testng.internal.TestInvoker.invokeMethod(TestInvoker.java:598)
at org.testng.internal.TestInvoker.invokeTestMethod(TestInvoker.java:173)
at org.testng.internal.MethodRunner.runInSequence(MethodRunner.java:46)
at org.testng.internal.TestInvoker$MethodInvocationAgent.invoke(TestInvoker.java:824)
at org.testng.internal.TestInvoker.invokeTestMethods(TestInvoker.java:146)
at org.testng.internal.TestMethodWorker.invokeTestMethods(TestMethodWorker.java:146)
at org.testng.internal.TestMethodWorker.run(TestMethodWorker.java:128)
at java.base/java.util.ArrayList.forEach(ArrayList.java:1511)
at org.testng.TestRunner.privateRun(TestRunner.java:794)
at org.testng.TestRunner.run(TestRunner.java:596)
at org.testng.SuiteRunner.runTest(SuiteRunner.java:377)
at org.testng.SuiteRunner.runSequentially(SuiteRunner.java:371)
at org.testng.SuiteRunner.privateRun(SuiteRunner.java:332)
at org.testng.SuiteRunner.run(SuiteRunner.java:276)
at org.testng.SuiteRunnerWorker.runSuite(SuiteRunnerWorker.java:53)
at org.testng.SuiteRunnerWorker.run(SuiteRunnerWorker.java:96)
at org.testng.TestNG.runSuitesSequentially(TestNG.java:1212)
at org.testng.TestNG.runSuitesLocally(TestNG.java:1134)
at org.testng.TestNG.runSuites(TestNG.java:1063)
at org.testng.TestNG.run(TestNG.java:1031)
at org.testng.remote.AbstractRemoteTestNG.run(AbstractRemoteTestNG.java:115)
at org.testng.remote.RemoteTestNG.initAndRun(RemoteTestNG.java:251)
at org.testng.remote.RemoteTestNG.main(RemoteTestNG.java:77)
]]>
            </full-stacktrace>
          </exception> <!-- java.lang.IllegalArgumentException -->
          <reporter-output>
          </reporter-output>
        </test-method> <!-- loginTest -->
        <test-method is-config="true" signature="testResult(org.testng.ITestResult)[pri:0, instance:com.tests.LoginTest@7f1302d6]" started-at="2021-09-19T22:52:25 EDT" name="testResult" finished-at="2021-09-19T22:52:26 EDT" duration-ms="908" status="PASS">
          <params>
            <param index="0">
              <value>
                <![CDATA[[TestResult name=loginTest status=FAILURE method=LoginTest.loginTest(java.lang.String,java.lang.String)[pri:0, instance:com.tests.LoginTest@7f1302d6] output={null}]]]>
              </value>
            </param>
          </params>
          <reporter-output>
          </reporter-output>
        </test-method> <!-- testResult -->
      </class> <!-- com.tests.LoginTest -->
    </test> <!-- LoginTest -->
  </suite> <!-- OrangeTest -->
</testng-results>
